[38;5;112m[Appium][0m Welcome to Appium v2.12.1
[38;5;112m[Appium][0m Non-default server args:
[38;5;112m[Appium][0m { basePath: [32m'/wd/hub'[39m, loglevel: [32m'info'[39m, port: [33m54449[39m }
[38;5;112m[Appium][0m Attempting to load driver uiautomator2...
[38;5;112m[Appium][0m Appium REST http interface listener started on http://0.0.0.0:54449/wd/hub
[38;5;112m[Appium][0m You can provide the following URLs in your client code to connect to this server:
	http://192.168.186.192:54449/wd/hub
	http://127.0.0.1:54449/wd/hub (only accessible from the same host)
[38;5;112m[Appium][0m Available drivers:
[38;5;112m[Appium][0m   - uiautomator2@3.8.1 (automationName 'UiAutomator2')
[38;5;112m[Appium][0m No plugins have been installed. Use the "appium plugin" command to install the one(s) you want to use.
[38;5;86m[HTTP][0m [37m-->[39m [37mGET[39m [37m/wd/hub/status[39m [90m{}[39m
[38;5;86m[HTTP][0m [37m<-- GET /wd/hub/status [39m[32m200[39m [90m11 ms - 111[39m [90m[39m
[38;5;86m[HTTP][0m [37m-->[39m [37mGET[39m [37m/wd/hub/status[39m [90m{}[39m
[38;5;86m[HTTP][0m [37m<-- GET /wd/hub/status [39m[32m200[39m [90m8 ms - 111[39m [90m[39m
[38;5;86m[HTTP][0m [37m-->[39m [37mPOST[39m [37m/wd/hub/session[39m [90m{"capabilities":{"firstMatch":[{"appium:app":"C:\\Users\\ASUS_X441M\\Katalon Studio\\Final Project\\APK\\Todo_2.0_APKPure.apk","appium:autoGrantPermissions":true,"appium:automationName":"uiautomator2","appium:deviceName":"samsung SM-M236B (Android 14)","appium:fullReset":false,"appium:newCommandTimeout":1800,"appium:noReset":true,"appium:platformName":"ANDROID","appium:platformVersion":"14","appium:systemPort":54560,"appium:udid":"RRCW106FFQY","platformName":"ANDROID"}]},"desiredCapabilities":{"appium:app":"C:\\Users\\ASUS_X441M\\Katalon Studio\\Final Project\\APK\\Todo_2.0_APKPure.apk","appium:autoGrantPermissions":true,"appium:automationName":"uiautomator2","appium:deviceName":"samsung SM-M236B (Android 14)","appium:fullReset":false,"appium:newCommandTimeout":1800,"appium:noReset":true,"appium:platformName":"ANDROID","appium:platformVersion":"14","appium:systemPort":54560,"appium:udid":"RRCW106FFQY"}}[39m
[38;5;123m[BaseDriver][0m Ignoring capability 'appium:platformName=ANDROID' and using capability 'platformName=ANDROID'
[38;5;123m[BaseDriver][0m The capabilities ["platformName"] are standard capabilities and do not require "appium:" prefix
[38;5;112m[Appium][0m Attempting to find matching driver for automationName 'uiautomator2' and platformName 'ANDROID'
[38;5;112m[Appium][0m The 'uiautomator2' driver was installed and matched caps.
[38;5;112m[Appium][0m Will require it at C:\Users\ASUS_X441M\.appium\node_modules\appium-uiautomator2-driver
[38;5;153m[AppiumDriver@9d3e][0m Appium v2.12.1 creating new AndroidUiautomator2Driver (v3.8.1) session
[38;5;153m[AppiumDriver@9d3e][0m Checking BaseDriver versions for Appium and AndroidUiautomator2Driver
[38;5;153m[AppiumDriver@9d3e][0m Appium's BaseDriver version is 9.12.1
[38;5;153m[AppiumDriver@9d3e][0m AndroidUiautomator2Driver's BaseDriver version is 9.12.1
[38;5;79m[f2d48386][0m[38;5;-48m[AndroidUiautomator2Driver@b937][0m Session created with session id: f2d48386-69d9-4463-9031-07940a86c090
[38;5;79m[f2d48386][0m[38;5;229m[ADB][0m Found 1 'build-tools' folders under 'C:\Users\ASUS_X441M\.katalon\tools\android_sdk' (newest first):
[38;5;79m[f2d48386][0m[38;5;229m[ADB][0m     C:\Users\ASUS_X441M\.katalon\tools\android_sdk\build-tools\29.0.3
[38;5;79m[f2d48386][0m[38;5;229m[ADB][0m Using 'adb.exe' from 'C:\Users\ASUS_X441M\.katalon\tools\android_sdk\platform-tools\adb.exe'
[38;5;79m[f2d48386][0m[38;5;-48m[AndroidUiautomator2Driver@b937][0m Retrieving device list
[38;5;79m[f2d48386][0m[38;5;-48m[AndroidUiautomator2Driver@b937][0m Using device: RRCW106FFQY
[38;5;79m[f2d48386][0m[38;5;229m[ADB][0m Using 'adb.exe' from 'C:\Users\ASUS_X441M\.katalon\tools\android_sdk\platform-tools\adb.exe'
[38;5;79m[f2d48386][0m[38;5;123m[BaseDriver][0m Using local app 'C:\Users\ASUS_X441M\Katalon Studio\Final Project\APK\Todo_2.0_APKPure.apk'
[38;5;79m[f2d48386][0m[38;5;229m[ADB][0m Getting device platform version
[38;5;79m[f2d48386][0m[38;5;-48m[AndroidUiautomator2Driver@b937][0m Relaxing hidden api policy
[38;5;79m[f2d48386][0m[38;5;229m[ADB][0m Using 'aapt2.exe' from 'C:\Users\ASUS_X441M\.katalon\tools\android_sdk\build-tools\29.0.3\aapt2.exe'
[38;5;79m[f2d48386][0m[38;5;229m[ADB][0m Package name: 'com.avinashproduct.todo'
[38;5;79m[f2d48386][0m[38;5;229m[ADB][0m Main activity name: 'com.avinashproduct.todo.SplashScreenActivity'
[38;5;79m[f2d48386][0m[38;5;229m[ADB][0m Using 'apksigner.jar' from 'C:\Users\ASUS_X441M\.katalon\tools\android_sdk\build-tools\29.0.3\lib\apksigner.jar'
[38;5;79m[f2d48386][0m[38;5;-48m[AndroidUiautomator2Driver@b937][0m Server packages are not going to be (re)installed
[38;5;79m[f2d48386][0m[38;5;229m[ADB][0m Adding packages ["io.appium.settings","io.appium.uiautomator2.server","io.appium.uiautomator2.server.test"] to Doze whitelist
[38;5;79m[f2d48386][0m[38;5;229m[ADB][0m 'C:\Users\ASUS_X441M\Katalon Studio\Final Project\APK\Todo_2.0_APKPure.apk' is signed with a non-default certificate
[38;5;79m[f2d48386][0m[38;5;229m[ADB][0m The application at 'C:\Users\ASUS_X441M\Katalon Studio\Final Project\APK\Todo_2.0_APKPure.apk' will not be cached, because the device under test has confirmed the support of streamed installs
[38;5;79m[f2d48386][0m[38;5;229m[ADB][0m The installation of 'Todo_2.0_APKPure.apk' took 19730ms
[38;5;79m[f2d48386][0m[38;5;-48m[AndroidUiautomator2Driver@b937][0m Starting UIAutomator2 server 7.1.1
[38;5;79m[f2d48386][0m[38;5;-48m[AndroidUiautomator2Driver@b937][0m Using UIAutomator2 server from 'C:\Users\ASUS_X441M\.appium\node_modules\appium-uiautomator2-driver\node_modules\appium-uiautomator2-server\apks\appium-uiautomator2-server-v7.1.1.apk' and test from 'C:\Users\ASUS_X441M\.appium\node_modules\appium-uiautomator2-driver\node_modules\appium-uiautomator2-server\apks\appium-uiautomator2-server-debug-androidTest.apk'
[38;5;79m[f2d48386][0m[38;5;-48m[AndroidUiautomator2Driver@b937][0m Waiting up to 30000ms for UiAutomator2 to be online...
[38;5;79m[f2d48386][0m[38;5;-48m[AndroidUiautomator2Driver@b937][0m socket hang up
[38;5;79m[f2d48386][0m[38;5;-48m[AndroidUiautomator2Driver@b937][0m socket hang up
[38;5;79m[f2d48386][0m[38;5;-48m[AndroidUiautomator2Driver@b937][0m socket hang up
[38;5;79m[f2d48386][0m[38;5;-48m[AndroidUiautomator2Driver@b937][0m socket hang up
[38;5;79m[f2d48386][0m[38;5;-48m[AndroidUiautomator2Driver@b937][0m Determined the downstream protocol as 'W3C'
[38;5;79m[f2d48386][0m[38;5;-48m[AndroidUiautomator2Driver@b937][0m Screen already unlocked, doing nothing
[38;5;79m[f2d48386][0m[38;5;-48m[AndroidUiautomator2Driver@b937][0m Starting 'com.avinashproduct.todo/com.avinashproduct.todo.SplashScreenActivity and waiting for 'com.avinashproduct.todo/com.avinashproduct.todo.SplashScreenActivity'
[38;5;79m[f2d48386][0m[38;5;153m[AppiumDriver@9d3e][0m New AndroidUiautomator2Driver session created successfully, session f2d48386-69d9-4463-9031-07940a86c090 added to master session list
[38;5;79m[f2d48386][0m[38;5;86m[HTTP][0m [37m<-- POST /wd/hub/session [39m[32m200[39m [90m36747 ms - 1247[39m [90m[39m
[38;5;86m[HTTP][0m [37m-->[39m [37mGET[39m [37m/wd/hub/status[39m [90m{}[39m
[38;5;86m[HTTP][0m [37m<-- GET /wd/hub/status [39m[32m200[39m [90m4 ms - 111[39m [90m[39m
[38;5;79m[f2d48386][0m[38;5;86m[HTTP][0m [37m-->[39m [37mPOST[39m [37m/wd/hub/session/f2d48386-69d9-4463-9031-07940a86c090/timeouts[39m [90m{"implicit":60000}[39m
[38;5;79m[f2d48386][0m[38;5;86m[HTTP][0m [37m<-- POST /wd/hub/session/f2d48386-69d9-4463-9031-07940a86c090/timeouts [39m[32m200[39m [90m7 ms - 14[39m [90m[39m
[38;5;79m[f2d48386][0m[38;5;86m[HTTP][0m [37m-->[39m [37mGET[39m [37m/wd/hub/session/f2d48386-69d9-4463-9031-07940a86c090/source[39m [90m{}[39m
[38;5;79m[f2d48386][0m[38;5;-48m[AndroidUiautomator2Driver@b937][0m Driver proxy active, passing request on via HTTP proxy
[38;5;79m[f2d48386][0m[38;5;-48m[AndroidUiautomator2Driver@b937][0m Replacing sessionId 8d4e29a8-3707-422d-a681-e4c92a49d52a with f2d48386-69d9-4463-9031-07940a86c090
[38;5;79m[f2d48386][0m[38;5;86m[HTTP][0m [37m<-- GET /wd/hub/session/f2d48386-69d9-4463-9031-07940a86c090/source [39m[32m200[39m [90m353 ms - 6871[39m [90m[39m
[38;5;79m[f2d48386][0m[38;5;86m[HTTP][0m [37m-->[39m [37mGET[39m [37m/wd/hub/session/f2d48386-69d9-4463-9031-07940a86c090/screenshot[39m [90m{}[39m
[38;5;79m[f2d48386][0m[38;5;86m[HTTP][0m [37m<-- GET /wd/hub/session/f2d48386-69d9-4463-9031-07940a86c090/screenshot [39m[32m200[39m [90m887 ms - 202352[39m [90m[39m
[38;5;79m[f2d48386][0m[38;5;86m[HTTP][0m [37m-->[39m [37mDELETE[39m [37m/wd/hub/session/f2d48386-69d9-4463-9031-07940a86c090[39m [90m{}[39m
[38;5;79m[f2d48386][0m[38;5;153m[AppiumDriver@9d3e][0m Removing session f2d48386-69d9-4463-9031-07940a86c090 from our master session list
[38;5;79m[f2d48386][0m[38;5;-48m[AndroidUiautomator2Driver@b937][0m Restoring hidden api policy to the device default configuration
[38;5;79m[f2d48386][0m[38;5;86m[HTTP][0m [37m<-- DELETE /wd/hub/session/f2d48386-69d9-4463-9031-07940a86c090 [39m[32m200[39m [90m411 ms - 14[39m [90m[39m
